[debug] [2020-12-01T19:01:59.214Z] ----------------------------------------------------------------------
[debug] [2020-12-01T19:01:59.216Z] Command:       /usr/local/bin/node /usr/local/bin/firebase emulators:start
[debug] [2020-12-01T19:01:59.216Z] CLI Version:   8.16.2
[debug] [2020-12-01T19:01:59.217Z] Platform:      darwin
[debug] [2020-12-01T19:01:59.217Z] Node Version:  v14.10.1
[debug] [2020-12-01T19:01:59.218Z] Time:          Tue Dec 01 2020 14:01:59 GMT-0500 (Eastern Standard Time)
[debug] [2020-12-01T19:01:59.218Z] ----------------------------------------------------------------------
[debug] [2020-12-01T19:01:59.218Z] 
[debug] [2020-12-01T19:01:59.228Z] > command requires scopes: ["email","openid","https://www.googleapis.com/auth/cloudplatformprojects.readonly","https://www.googleapis.com/auth/firebase","https://www.googleapis.com/auth/cloud-platform"]
[debug] [2020-12-01T19:01:59.228Z] > authorizing via signed-in user
[info] i  emulators: Starting emulators: functions, hosting {"metadata":{"emulator":{"name":"hub"},"message":"Starting emulators: functions, hosting"}}
[debug] [2020-12-01T19:01:59.244Z] [hub] writing locator at /var/folders/49/kb3_6pm51tq6bzvt51lxgygm0000gn/T/hub-bazaar-596f2.json
[warn] ⚠  functions: The following emulators are not running, calls to these services from the Functions emulator will affect production: auth, firestore, database, pubsub {"metadata":{"emulator":{"name":"functions"},"message":"The following emulators are not running, calls to these services from the Functions emulator will affect production: \u001b[1mauth, firestore, database, pubsub\u001b[22m"}}
[warn] ⚠  Your requested "node" version "12" doesn't match your global version "14" {"metadata":{"emulator":{"name":"functions"},"message":"Your requested \"node\" version \"12\" doesn't match your global version \"14\""}}
[debug] [2020-12-01T19:01:59.269Z] defaultcredentials: writing to file /Users/tappy/.config/firebase/partapchauhan8_gmail_com_application_default_credentials.json
[debug] [2020-12-01T19:01:59.271Z] Setting GAC to /Users/tappy/.config/firebase/partapchauhan8_gmail_com_application_default_credentials.json {"metadata":{"emulator":{"name":"functions"},"message":"Setting GAC to /Users/tappy/.config/firebase/partapchauhan8_gmail_com_application_default_credentials.json"}}
[debug] [2020-12-01T19:01:59.286Z] > refreshing access token with scopes: ["email","https://www.googleapis.com/auth/cloud-platform","https://www.googleapis.com/auth/cloudplatformprojects.readonly","https://www.googleapis.com/auth/firebase","openid"]
[debug] [2020-12-01T19:01:59.287Z] >>> HTTP REQUEST POST https://www.googleapis.com/oauth2/v3/token  
 <request body omitted>
[debug] [2020-12-01T19:01:59.415Z] <<< HTTP RESPONSE 200 {"expires":"Mon, 01 Jan 1990 00:00:00 GMT","pragma":"no-cache","cache-control":"no-cache, no-store, max-age=0, must-revalidate","date":"Tue, 01 Dec 2020 19:01:59 GMT","content-type":"application/json; charset=utf-8","vary":"X-Origin, Referer, Origin,Accept-Encoding","server":"scaffolding on HTTPServer2","x-xss-protection":"0","x-frame-options":"SAMEORIGIN","x-content-type-options":"nosniff","alt-svc":"h3-29=\":443\"; ma=2592000,h3-T051=\":443\"; ma=2592000,h3-Q050=\":443\"; ma=2592000,h3-Q046=\":443\"; ma=2592000,h3-Q043=\":443\"; ma=2592000,quic=\":443\"; ma=2592000; v=\"46,43\"","accept-ranges":"none","transfer-encoding":"chunked"}
[debug] [2020-12-01T19:01:59.428Z] >>> HTTP REQUEST GET https://firebase.googleapis.com/v1beta1/projects/bazaar-596f2/webApps/-/config  
 
[debug] [2020-12-01T19:01:59.843Z] <<< HTTP RESPONSE 200 {"content-type":"application/json; charset=UTF-8","vary":"X-Origin, Referer, Origin,Accept-Encoding","date":"Tue, 01 Dec 2020 19:01:59 GMT","server":"ESF","cache-control":"private","x-xss-protection":"0","x-frame-options":"SAMEORIGIN","x-content-type-options":"nosniff","alt-svc":"h3-29=\":443\"; ma=2592000,h3-T051=\":443\"; ma=2592000,h3-Q050=\":443\"; ma=2592000,h3-Q046=\":443\"; ma=2592000,h3-Q043=\":443\"; ma=2592000,quic=\":443\"; ma=2592000; v=\"46,43\"","accept-ranges":"none","transfer-encoding":"chunked"}
[info] i  hosting: Serving hosting files from: build {"metadata":{"emulator":{"name":"hosting"},"message":"Serving hosting files from: \u001b[1mbuild\u001b[22m"}}
[info] ✔  hosting: Local server: http://localhost:5000 {"metadata":{"emulator":{"name":"hosting"},"message":"Local server: \u001b[4m\u001b[1mhttp://localhost:5000\u001b[22m\u001b[24m"}}
[debug] [2020-12-01T19:01:59.882Z] Ignoring unsupported arg: auto_download {"metadata":{"emulator":{"name":"ui"},"message":"Ignoring unsupported arg: auto_download"}}
[debug] [2020-12-01T19:01:59.882Z] Ignoring unsupported arg: port {"metadata":{"emulator":{"name":"ui"},"message":"Ignoring unsupported arg: port"}}
[debug] [2020-12-01T19:01:59.882Z] Starting Emulator UI with command {"binary":"node","args":["/Users/tappy/.cache/firebase/emulators/ui-v1.2.2/server.bundle.js"],"optionalArgs":[],"joinArgs":false} {"metadata":{"emulator":{"name":"ui"},"message":"Starting Emulator UI with command {\"binary\":\"node\",\"args\":[\"/Users/tappy/.cache/firebase/emulators/ui-v1.2.2/server.bundle.js\"],\"optionalArgs\":[],\"joinArgs\":false}"}}
[info] i  ui: Emulator UI logging to ui-debug.log {"metadata":{"emulator":{"name":"ui"},"message":"Emulator UI logging to \u001b[1mui-debug.log\u001b[22m"}}
[debug] [2020-12-01T19:01:59.976Z] Web / API server started at http://localhost:4000
 {"metadata":{"emulator":{"name":"ui"},"message":"Web / API server started at http://localhost:4000\n"}}
[info] i  functions: Watching "/Users/tappy/Byte/Bazaar/bazaar/functions" for Cloud Functions... {"metadata":{"emulator":{"name":"functions"},"message":"Watching \"/Users/tappy/Byte/Bazaar/bazaar/functions\" for Cloud Functions..."}}
[debug] [2020-12-01T19:02:00.157Z] [worker-pool] addWorker(~diagnostic~) {"metadata":{"emulator":{"name":"functions"},"message":"[worker-pool] addWorker(~diagnostic~)"}}
[debug] [2020-12-01T19:02:00.157Z] [worker-pool] Adding worker with key ~diagnostic~, total=1 {"metadata":{"emulator":{"name":"functions"},"message":"[worker-pool] Adding worker with key ~diagnostic~, total=1"}}
[debug] [2020-12-01T19:02:00.157Z] [worker-pool] submitWork(triggerId=) {"metadata":{"emulator":{"name":"functions"},"message":"[worker-pool] submitWork(triggerId=)"}}
[debug] [2020-12-01T19:02:00.158Z] [worker-~diagnostic~-98414570-7f9d-4138-be94-15e05ef2eef7]: Assigning socketPath: /var/folders/49/kb3_6pm51tq6bzvt51lxgygm0000gn/T/fire_emu_14620.sock {"metadata":{"emulator":{"name":"functions"},"message":"[worker-~diagnostic~-98414570-7f9d-4138-be94-15e05ef2eef7]: Assigning socketPath: /var/folders/49/kb3_6pm51tq6bzvt51lxgygm0000gn/T/fire_emu_14620.sock"}}
[debug] [2020-12-01T19:02:00.158Z] [worker-~diagnostic~-98414570-7f9d-4138-be94-15e05ef2eef7]: BUSY {"metadata":{"emulator":{"name":"functions"},"message":"[worker-~diagnostic~-98414570-7f9d-4138-be94-15e05ef2eef7]: BUSY"}}
[debug] [2020-12-01T19:02:00.364Z] [runtime-status] [14620] Functions runtime initialized. {"cwd":"/Users/tappy/Byte/Bazaar/bazaar/functions","node_version":"14.10.1"} {"metadata":{"emulator":{"name":"functions"},"message":"[runtime-status] [14620] Functions runtime initialized. {\"cwd\":\"/Users/tappy/Byte/Bazaar/bazaar/functions\",\"node_version\":\"14.10.1\"}"}}
[debug] [2020-12-01T19:02:00.364Z] [runtime-status] [14620] Disabled runtime features: undefined {"metadata":{"emulator":{"name":"functions"},"message":"[runtime-status] [14620] Disabled runtime features: undefined"}}
[debug] [2020-12-01T19:02:00.365Z] [runtime-status] [14620] Resolved module firebase-admin {"declared":true,"installed":true,"version":"9.4.1","resolution":"/Users/tappy/Byte/Bazaar/bazaar/functions/node_modules/firebase-admin/lib/index.js"} {"metadata":{"emulator":{"name":"functions"},"message":"[runtime-status] [14620] Resolved module firebase-admin {\"declared\":true,\"installed\":true,\"version\":\"9.4.1\",\"resolution\":\"/Users/tappy/Byte/Bazaar/bazaar/functions/node_modules/firebase-admin/lib/index.js\"}"}}
[debug] [2020-12-01T19:02:00.366Z] [runtime-status] [14620] Resolved module firebase-functions {"declared":true,"installed":true,"version":"3.12.0","resolution":"/Users/tappy/Byte/Bazaar/bazaar/functions/node_modules/firebase-functions/lib/index.js"} {"metadata":{"emulator":{"name":"functions"},"message":"[runtime-status] [14620] Resolved module firebase-functions {\"declared\":true,\"installed\":true,\"version\":\"3.12.0\",\"resolution\":\"/Users/tappy/Byte/Bazaar/bazaar/functions/node_modules/firebase-functions/lib/index.js\"}"}}
[debug] [2020-12-01T19:02:00.367Z] [runtime-status] [14620] Resolved module firebase-functions {"declared":true,"installed":true,"version":"3.12.0","resolution":"/Users/tappy/Byte/Bazaar/bazaar/functions/node_modules/firebase-functions/lib/index.js"} {"metadata":{"emulator":{"name":"functions"},"message":"[runtime-status] [14620] Resolved module firebase-functions {\"declared\":true,\"installed\":true,\"version\":\"3.12.0\",\"resolution\":\"/Users/tappy/Byte/Bazaar/bazaar/functions/node_modules/firebase-functions/lib/index.js\"}"}}
[debug] [2020-12-01T19:02:00.368Z] [runtime-status] [14620] Outgoing network have been stubbed. [{"name":"http","status":"mocked"},{"name":"http","status":"mocked"},{"name":"https","status":"mocked"},{"name":"https","status":"mocked"},{"name":"net","status":"mocked"}] {"metadata":{"emulator":{"name":"functions"},"message":"[runtime-status] [14620] Outgoing network have been stubbed. [{\"name\":\"http\",\"status\":\"mocked\"},{\"name\":\"http\",\"status\":\"mocked\"},{\"name\":\"https\",\"status\":\"mocked\"},{\"name\":\"https\",\"status\":\"mocked\"},{\"name\":\"net\",\"status\":\"mocked\"}]"}}
[debug] [2020-12-01T19:02:00.369Z] [runtime-status] [14620] Resolved module firebase-functions {"declared":true,"installed":true,"version":"3.12.0","resolution":"/Users/tappy/Byte/Bazaar/bazaar/functions/node_modules/firebase-functions/lib/index.js"} {"metadata":{"emulator":{"name":"functions"},"message":"[runtime-status] [14620] Resolved module firebase-functions {\"declared\":true,\"installed\":true,\"version\":\"3.12.0\",\"resolution\":\"/Users/tappy/Byte/Bazaar/bazaar/functions/node_modules/firebase-functions/lib/index.js\"}"}}
[debug] [2020-12-01T19:02:00.399Z] [runtime-status] [14620] Checked functions.config() {"config":{}} {"metadata":{"emulator":{"name":"functions"},"message":"[runtime-status] [14620] Checked functions.config() {\"config\":{}}"}}
[debug] [2020-12-01T19:02:00.399Z] [runtime-status] [14620] firebase-functions has been stubbed. {"functionsResolution":{"declared":true,"installed":true,"version":"3.12.0","resolution":"/Users/tappy/Byte/Bazaar/bazaar/functions/node_modules/firebase-functions/lib/index.js"}} {"metadata":{"emulator":{"name":"functions"},"message":"[runtime-status] [14620] firebase-functions has been stubbed. {\"functionsResolution\":{\"declared\":true,\"installed\":true,\"version\":\"3.12.0\",\"resolution\":\"/Users/tappy/Byte/Bazaar/bazaar/functions/node_modules/firebase-functions/lib/index.js\"}}"}}
[debug] [2020-12-01T19:02:00.399Z] [runtime-status] [14620] Resolved module firebase-functions {"declared":true,"installed":true,"version":"3.12.0","resolution":"/Users/tappy/Byte/Bazaar/bazaar/functions/node_modules/firebase-functions/lib/index.js"} {"metadata":{"emulator":{"name":"functions"},"message":"[runtime-status] [14620] Resolved module firebase-functions {\"declared\":true,\"installed\":true,\"version\":\"3.12.0\",\"resolution\":\"/Users/tappy/Byte/Bazaar/bazaar/functions/node_modules/firebase-functions/lib/index.js\"}"}}
[debug] [2020-12-01T19:02:00.400Z] [runtime-status] [14620] Resolved module firebase-admin {"declared":true,"installed":true,"version":"9.4.1","resolution":"/Users/tappy/Byte/Bazaar/bazaar/functions/node_modules/firebase-admin/lib/index.js"} {"metadata":{"emulator":{"name":"functions"},"message":"[runtime-status] [14620] Resolved module firebase-admin {\"declared\":true,\"installed\":true,\"version\":\"9.4.1\",\"resolution\":\"/Users/tappy/Byte/Bazaar/bazaar/functions/node_modules/firebase-admin/lib/index.js\"}"}}
[debug] [2020-12-01T19:02:00.400Z] [runtime-status] [14620] Resolved module firebase-functions {"declared":true,"installed":true,"version":"3.12.0","resolution":"/Users/tappy/Byte/Bazaar/bazaar/functions/node_modules/firebase-functions/lib/index.js"} {"metadata":{"emulator":{"name":"functions"},"message":"[runtime-status] [14620] Resolved module firebase-functions {\"declared\":true,\"installed\":true,\"version\":\"3.12.0\",\"resolution\":\"/Users/tappy/Byte/Bazaar/bazaar/functions/node_modules/firebase-functions/lib/index.js\"}"}}
[debug] [2020-12-01T19:02:00.401Z] [runtime-status] [14620] firebase-admin has been stubbed. {"adminResolution":{"declared":true,"installed":true,"version":"9.4.1","resolution":"/Users/tappy/Byte/Bazaar/bazaar/functions/node_modules/firebase-admin/lib/index.js"}} {"metadata":{"emulator":{"name":"functions"},"message":"[runtime-status] [14620] firebase-admin has been stubbed. {\"adminResolution\":{\"declared\":true,\"installed\":true,\"version\":\"9.4.1\",\"resolution\":\"/Users/tappy/Byte/Bazaar/bazaar/functions/node_modules/firebase-admin/lib/index.js\"}}"}}
[info] ✔  functions[api]: http function initialized (http://localhost:5001/bazaar-596f2/us-central1/api). {"metadata":{"emulator":{"name":"functions"},"message":"\u001b[1mhttp\u001b[22m function initialized (http://localhost:5001/bazaar-596f2/us-central1/api)."}}
[info] 
┌────────────────────────────────────────────────────────────────┐
│ ✔  All emulators ready! View status and logs at localhost:4000 │
└────────────────────────────────────────────────────────────────┘

┌───────────┬────────────────┬──────────────────────────┐
│ Emulator  │ Host:Port      │ View in Emulator UI      │
├───────────┼────────────────┼──────────────────────────┤
│ Functions │ localhost:5001 │ localhost:4000/functions │
├───────────┼────────────────┼──────────────────────────┤
│ Hosting   │ localhost:5000 │ n/a                      │
└───────────┴────────────────┴──────────────────────────┘
  Other reserved ports: 4400, 4500

Issues? Report them at https://github.com/firebase/firebase-tools/issues and attach the *-debug.log files.
 
[debug] [2020-12-01T19:02:00.519Z] [worker-~diagnostic~-98414570-7f9d-4138-be94-15e05ef2eef7]: IDLE {"metadata":{"emulator":{"name":"functions"},"message":"[worker-~diagnostic~-98414570-7f9d-4138-be94-15e05ef2eef7]: IDLE"}}
[debug] [2020-12-01T19:02:17.894Z] [work-queue] {"queueLength":1,"workRunningCount":0}
[debug] [2020-12-01T19:02:17.895Z] [work-queue] {"queueLength":0,"workRunningCount":1}
[debug] [2020-12-01T19:02:17.895Z] Accepted request POST /bazaar-596f2/us-central1/api/payments/create?total=156093 --> api
[debug] [2020-12-01T19:02:17.899Z] [worker-pool] addWorker(api) {"metadata":{"emulator":{"name":"functions"},"message":"[worker-pool] addWorker(api)"}}
[debug] [2020-12-01T19:02:17.900Z] [worker-pool] Adding worker with key api, total=1 {"metadata":{"emulator":{"name":"functions"},"message":"[worker-pool] Adding worker with key api, total=1"}}
[debug] [2020-12-01T19:02:17.900Z] [worker-pool] submitWork(triggerId=api) {"metadata":{"emulator":{"name":"functions"},"message":"[worker-pool] submitWork(triggerId=api)"}}
[debug] [2020-12-01T19:02:17.900Z] [worker-api-643eb57f-b25c-41c9-af85-4c339495aae6]: Assigning socketPath: /var/folders/49/kb3_6pm51tq6bzvt51lxgygm0000gn/T/fire_emu_14625.sock {"metadata":{"emulator":{"name":"functions"},"message":"[worker-api-643eb57f-b25c-41c9-af85-4c339495aae6]: Assigning socketPath: /var/folders/49/kb3_6pm51tq6bzvt51lxgygm0000gn/T/fire_emu_14625.sock"}}
[debug] [2020-12-01T19:02:17.900Z] [worker-api-643eb57f-b25c-41c9-af85-4c339495aae6]: BUSY {"metadata":{"emulator":{"name":"functions"},"message":"[worker-api-643eb57f-b25c-41c9-af85-4c339495aae6]: BUSY"}}
[debug] [2020-12-01T19:02:18.140Z] [runtime-status] [14625] Functions runtime initialized. {"cwd":"/Users/tappy/Byte/Bazaar/bazaar/functions","node_version":"14.10.1"} {"metadata":{"emulator":{"name":"functions"},"function":{"name":"api"},"message":"[runtime-status] [14625] Functions runtime initialized. {\"cwd\":\"/Users/tappy/Byte/Bazaar/bazaar/functions\",\"node_version\":\"14.10.1\"}"}}
[debug] [2020-12-01T19:02:18.141Z] [runtime-status] [14625] Disabled runtime features: undefined {"metadata":{"emulator":{"name":"functions"},"function":{"name":"api"},"message":"[runtime-status] [14625] Disabled runtime features: undefined"}}
[debug] [2020-12-01T19:02:18.143Z] [runtime-status] [14625] Resolved module firebase-admin {"declared":true,"installed":true,"version":"9.4.1","resolution":"/Users/tappy/Byte/Bazaar/bazaar/functions/node_modules/firebase-admin/lib/index.js"} {"metadata":{"emulator":{"name":"functions"},"function":{"name":"api"},"message":"[runtime-status] [14625] Resolved module firebase-admin {\"declared\":true,\"installed\":true,\"version\":\"9.4.1\",\"resolution\":\"/Users/tappy/Byte/Bazaar/bazaar/functions/node_modules/firebase-admin/lib/index.js\"}"}}
[debug] [2020-12-01T19:02:18.144Z] [runtime-status] [14625] Resolved module firebase-functions {"declared":true,"installed":true,"version":"3.12.0","resolution":"/Users/tappy/Byte/Bazaar/bazaar/functions/node_modules/firebase-functions/lib/index.js"} {"metadata":{"emulator":{"name":"functions"},"function":{"name":"api"},"message":"[runtime-status] [14625] Resolved module firebase-functions {\"declared\":true,\"installed\":true,\"version\":\"3.12.0\",\"resolution\":\"/Users/tappy/Byte/Bazaar/bazaar/functions/node_modules/firebase-functions/lib/index.js\"}"}}
[debug] [2020-12-01T19:02:18.145Z] [runtime-status] [14625] Resolved module firebase-functions {"declared":true,"installed":true,"version":"3.12.0","resolution":"/Users/tappy/Byte/Bazaar/bazaar/functions/node_modules/firebase-functions/lib/index.js"} {"metadata":{"emulator":{"name":"functions"},"function":{"name":"api"},"message":"[runtime-status] [14625] Resolved module firebase-functions {\"declared\":true,\"installed\":true,\"version\":\"3.12.0\",\"resolution\":\"/Users/tappy/Byte/Bazaar/bazaar/functions/node_modules/firebase-functions/lib/index.js\"}"}}
[debug] [2020-12-01T19:02:18.146Z] [runtime-status] [14625] Outgoing network have been stubbed. [{"name":"http","status":"mocked"},{"name":"http","status":"mocked"},{"name":"https","status":"mocked"},{"name":"https","status":"mocked"},{"name":"net","status":"mocked"}] {"metadata":{"emulator":{"name":"functions"},"function":{"name":"api"},"message":"[runtime-status] [14625] Outgoing network have been stubbed. [{\"name\":\"http\",\"status\":\"mocked\"},{\"name\":\"http\",\"status\":\"mocked\"},{\"name\":\"https\",\"status\":\"mocked\"},{\"name\":\"https\",\"status\":\"mocked\"},{\"name\":\"net\",\"status\":\"mocked\"}]"}}
[debug] [2020-12-01T19:02:18.147Z] [runtime-status] [14625] Resolved module firebase-functions {"declared":true,"installed":true,"version":"3.12.0","resolution":"/Users/tappy/Byte/Bazaar/bazaar/functions/node_modules/firebase-functions/lib/index.js"} {"metadata":{"emulator":{"name":"functions"},"function":{"name":"api"},"message":"[runtime-status] [14625] Resolved module firebase-functions {\"declared\":true,\"installed\":true,\"version\":\"3.12.0\",\"resolution\":\"/Users/tappy/Byte/Bazaar/bazaar/functions/node_modules/firebase-functions/lib/index.js\"}"}}
[debug] [2020-12-01T19:02:18.174Z] [runtime-status] [14625] Checked functions.config() {"config":{}} {"metadata":{"emulator":{"name":"functions"},"function":{"name":"api"},"message":"[runtime-status] [14625] Checked functions.config() {\"config\":{}}"}}
[debug] [2020-12-01T19:02:18.174Z] [runtime-status] [14625] firebase-functions has been stubbed. {"functionsResolution":{"declared":true,"installed":true,"version":"3.12.0","resolution":"/Users/tappy/Byte/Bazaar/bazaar/functions/node_modules/firebase-functions/lib/index.js"}} {"metadata":{"emulator":{"name":"functions"},"function":{"name":"api"},"message":"[runtime-status] [14625] firebase-functions has been stubbed. {\"functionsResolution\":{\"declared\":true,\"installed\":true,\"version\":\"3.12.0\",\"resolution\":\"/Users/tappy/Byte/Bazaar/bazaar/functions/node_modules/firebase-functions/lib/index.js\"}}"}}
[debug] [2020-12-01T19:02:18.174Z] [runtime-status] [14625] Resolved module firebase-functions {"declared":true,"installed":true,"version":"3.12.0","resolution":"/Users/tappy/Byte/Bazaar/bazaar/functions/node_modules/firebase-functions/lib/index.js"} {"metadata":{"emulator":{"name":"functions"},"function":{"name":"api"},"message":"[runtime-status] [14625] Resolved module firebase-functions {\"declared\":true,\"installed\":true,\"version\":\"3.12.0\",\"resolution\":\"/Users/tappy/Byte/Bazaar/bazaar/functions/node_modules/firebase-functions/lib/index.js\"}"}}
[debug] [2020-12-01T19:02:18.175Z] [runtime-status] [14625] Resolved module firebase-admin {"declared":true,"installed":true,"version":"9.4.1","resolution":"/Users/tappy/Byte/Bazaar/bazaar/functions/node_modules/firebase-admin/lib/index.js"} {"metadata":{"emulator":{"name":"functions"},"function":{"name":"api"},"message":"[runtime-status] [14625] Resolved module firebase-admin {\"declared\":true,\"installed\":true,\"version\":\"9.4.1\",\"resolution\":\"/Users/tappy/Byte/Bazaar/bazaar/functions/node_modules/firebase-admin/lib/index.js\"}"}}
[debug] [2020-12-01T19:02:18.175Z] [runtime-status] [14625] Resolved module firebase-functions {"declared":true,"installed":true,"version":"3.12.0","resolution":"/Users/tappy/Byte/Bazaar/bazaar/functions/node_modules/firebase-functions/lib/index.js"} {"metadata":{"emulator":{"name":"functions"},"function":{"name":"api"},"message":"[runtime-status] [14625] Resolved module firebase-functions {\"declared\":true,\"installed\":true,\"version\":\"3.12.0\",\"resolution\":\"/Users/tappy/Byte/Bazaar/bazaar/functions/node_modules/firebase-functions/lib/index.js\"}"}}
[debug] [2020-12-01T19:02:18.175Z] [runtime-status] [14625] firebase-admin has been stubbed. {"adminResolution":{"declared":true,"installed":true,"version":"9.4.1","resolution":"/Users/tappy/Byte/Bazaar/bazaar/functions/node_modules/firebase-admin/lib/index.js"}} {"metadata":{"emulator":{"name":"functions"},"function":{"name":"api"},"message":"[runtime-status] [14625] firebase-admin has been stubbed. {\"adminResolution\":{\"declared\":true,\"installed\":true,\"version\":\"9.4.1\",\"resolution\":\"/Users/tappy/Byte/Bazaar/bazaar/functions/node_modules/firebase-admin/lib/index.js\"}}"}}
[debug] [2020-12-01T19:02:18.244Z] [runtime-status] [14625] Trigger "api" has been found, beginning invocation! {"metadata":{"emulator":{"name":"functions"},"function":{"name":"api"},"message":"[runtime-status] [14625] Trigger \"api\" has been found, beginning invocation!"}}
[info] i  functions: Beginning execution of "api" {"metadata":{"emulator":{"name":"functions"},"function":{"name":"api"},"message":"Beginning execution of \"api\""}}
[debug] [2020-12-01T19:02:18.245Z] [runtime-status] [14625] triggerDefinition {"httpsTrigger":{},"name":"api","entryPoint":"api"} {"metadata":{"emulator":{"name":"functions"},"function":{"name":"api"},"message":"[runtime-status] [14625] triggerDefinition {\"httpsTrigger\":{},\"name\":\"api\",\"entryPoint\":\"api\"}"}}
[debug] [2020-12-01T19:02:18.245Z] [runtime-status] [14625] Running api in mode HTTPS {"metadata":{"emulator":{"name":"functions"},"function":{"name":"api"},"message":"[runtime-status] [14625] Running api in mode HTTPS"}}
[debug] [2020-12-01T19:02:18.248Z] [runtime-status] [14625] Attempting to listen to socketPath: /var/folders/49/kb3_6pm51tq6bzvt51lxgygm0000gn/T/fire_emu_14625.sock {"metadata":{"emulator":{"name":"functions"},"function":{"name":"api"},"message":"[runtime-status] [14625] Attempting to listen to socketPath: /var/folders/49/kb3_6pm51tq6bzvt51lxgygm0000gn/T/fire_emu_14625.sock"}}
[debug] [2020-12-01T19:02:18.251Z] [functions] Runtime ready! Sending request! {"metadata":{"emulator":{"name":"functions"},"message":"[functions] Runtime ready! Sending request!"}}
[debug] [2020-12-01T19:02:18.259Z] [runtime-status] [14625] Ephemeral server handling POST request {"metadata":{"emulator":{"name":"functions"},"function":{"name":"api"},"message":"[runtime-status] [14625] Ephemeral server handling POST request"}}
[info] >  Payment Request Received for this amount > 156093 {"user":"Payment Request Received for this amount > 156093","metadata":{"emulator":{"name":"functions"},"function":{"name":"api"},"message":"\u001b[90m> \u001b[39m Payment Request Received for this amount > 156093"}}
[debug] [2020-12-01T19:02:18.269Z] [runtime-status] [14625] Ephemeral server survived. {"metadata":{"emulator":{"name":"functions"},"function":{"name":"api"},"message":"[runtime-status] [14625] Ephemeral server survived."}}
[info] i  functions: Finished "api" in ~1s {"metadata":{"emulator":{"name":"functions"},"function":{"name":"api"},"message":"Finished \"api\" in ~1s"}}
[debug] [2020-12-01T19:02:18.653Z] [worker-api-643eb57f-b25c-41c9-af85-4c339495aae6]: IDLE {"metadata":{"emulator":{"name":"functions"},"message":"[worker-api-643eb57f-b25c-41c9-af85-4c339495aae6]: IDLE"}}
[debug] [2020-12-01T19:02:18.653Z] [work-queue] {"queueLength":0,"workRunningCount":0}
[debug] [2020-12-01T19:02:32.780Z] [work-queue] {"queueLength":1,"workRunningCount":0}
[debug] [2020-12-01T19:02:32.780Z] [work-queue] {"queueLength":0,"workRunningCount":1}
[debug] [2020-12-01T19:02:32.780Z] Accepted request POST /bazaar-596f2/us-central1/api/payments/create?total=0 --> api
[debug] [2020-12-01T19:02:32.781Z] [worker-pool] submitWork(triggerId=api) {"metadata":{"emulator":{"name":"functions"},"message":"[worker-pool] submitWork(triggerId=api)"}}
[debug] [2020-12-01T19:02:32.781Z] [worker-api-643eb57f-b25c-41c9-af85-4c339495aae6]: Assigning socketPath: /var/folders/49/kb3_6pm51tq6bzvt51lxgygm0000gn/T/fire_emu_14625.sock {"metadata":{"emulator":{"name":"functions"},"message":"[worker-api-643eb57f-b25c-41c9-af85-4c339495aae6]: Assigning socketPath: /var/folders/49/kb3_6pm51tq6bzvt51lxgygm0000gn/T/fire_emu_14625.sock"}}
[debug] [2020-12-01T19:02:32.781Z] [worker-api-643eb57f-b25c-41c9-af85-4c339495aae6]: BUSY {"metadata":{"emulator":{"name":"functions"},"message":"[worker-api-643eb57f-b25c-41c9-af85-4c339495aae6]: BUSY"}}
[debug] [2020-12-01T19:02:32.781Z] [runtime-status] [14625] Trigger "api" has been found, beginning invocation! {"metadata":{"emulator":{"name":"functions"},"function":{"name":"api"},"message":"[runtime-status] [14625] Trigger \"api\" has been found, beginning invocation!"}}
[info] i  functions: Beginning execution of "api" {"metadata":{"emulator":{"name":"functions"},"function":{"name":"api"},"message":"Beginning execution of \"api\""}}
[debug] [2020-12-01T19:02:32.782Z] [runtime-status] [14625] triggerDefinition {"httpsTrigger":{},"name":"api","entryPoint":"api"} {"metadata":{"emulator":{"name":"functions"},"function":{"name":"api"},"message":"[runtime-status] [14625] triggerDefinition {\"httpsTrigger\":{},\"name\":\"api\",\"entryPoint\":\"api\"}"}}
[debug] [2020-12-01T19:02:32.782Z] [runtime-status] [14625] Running api in mode HTTPS {"metadata":{"emulator":{"name":"functions"},"function":{"name":"api"},"message":"[runtime-status] [14625] Running api in mode HTTPS"}}
[debug] [2020-12-01T19:02:32.782Z] [runtime-status] [14625] Attempting to listen to socketPath: /var/folders/49/kb3_6pm51tq6bzvt51lxgygm0000gn/T/fire_emu_14625.sock {"metadata":{"emulator":{"name":"functions"},"function":{"name":"api"},"message":"[runtime-status] [14625] Attempting to listen to socketPath: /var/folders/49/kb3_6pm51tq6bzvt51lxgygm0000gn/T/fire_emu_14625.sock"}}
[debug] [2020-12-01T19:02:32.784Z] [functions] Runtime ready! Sending request! {"metadata":{"emulator":{"name":"functions"},"message":"[functions] Runtime ready! Sending request!"}}
[debug] [2020-12-01T19:02:32.786Z] [runtime-status] [14625] Ephemeral server handling POST request {"metadata":{"emulator":{"name":"functions"},"function":{"name":"api"},"message":"[runtime-status] [14625] Ephemeral server handling POST request"}}
[info] >  Payment Request Received for this amount > 0 {"user":"Payment Request Received for this amount > 0","metadata":{"emulator":{"name":"functions"},"function":{"name":"api"},"message":"\u001b[90m> \u001b[39m Payment Request Received for this amount > 0"}}
[debug] [2020-12-01T19:02:32.788Z] [runtime-status] [14625] Ephemeral server survived. {"metadata":{"emulator":{"name":"functions"},"function":{"name":"api"},"message":"[runtime-status] [14625] Ephemeral server survived."}}
[info] >  (node:14625) UnhandledPromiseRejectionWarning: Error: This value must be greater than or equal to 1. {"user":"(node:14625) UnhandledPromiseRejectionWarning: Error: This value must be greater than or equal to 1.","metadata":{"emulator":{"name":"functions"},"function":{"name":"api"},"message":"\u001b[90m> \u001b[39m (node:14625) UnhandledPromiseRejectionWarning: Error: This value must be greater than or equal to 1."}}
[info] >      at Function.generate (/Users/tappy/Byte/Bazaar/bazaar/functions/node_modules/stripe/lib/Error.js:40:16) {"user":"    at Function.generate (/Users/tappy/Byte/Bazaar/bazaar/functions/node_modules/stripe/lib/Error.js:40:16)","metadata":{"emulator":{"name":"functions"},"function":{"name":"api"},"message":"\u001b[90m> \u001b[39m     at Function.generate (/Users/tappy/Byte/Bazaar/bazaar/functions/node_modules/stripe/lib/Error.js:40:16)"}}
[info] >      at IncomingMessage.<anonymous> (/Users/tappy/Byte/Bazaar/bazaar/functions/node_modules/stripe/lib/StripeResource.js:190:33) {"user":"    at IncomingMessage.<anonymous> (/Users/tappy/Byte/Bazaar/bazaar/functions/node_modules/stripe/lib/StripeResource.js:190:33)","metadata":{"emulator":{"name":"functions"},"function":{"name":"api"},"message":"\u001b[90m> \u001b[39m     at IncomingMessage.<anonymous> (/Users/tappy/Byte/Bazaar/bazaar/functions/node_modules/stripe/lib/StripeResource.js:190:33)"}}
[info] >      at Object.onceWrapper (events.js:420:28) {"user":"    at Object.onceWrapper (events.js:420:28)","metadata":{"emulator":{"name":"functions"},"function":{"name":"api"},"message":"\u001b[90m> \u001b[39m     at Object.onceWrapper (events.js:420:28)"}}
[info] >      at IncomingMessage.emit (events.js:326:22) {"user":"    at IncomingMessage.emit (events.js:326:22)","metadata":{"emulator":{"name":"functions"},"function":{"name":"api"},"message":"\u001b[90m> \u001b[39m     at IncomingMessage.emit (events.js:326:22)"}}
[info] >      at endReadableNT (_stream_readable.js:1252:12) {"user":"    at endReadableNT (_stream_readable.js:1252:12)","metadata":{"emulator":{"name":"functions"},"function":{"name":"api"},"message":"\u001b[90m> \u001b[39m     at endReadableNT (_stream_readable.js:1252:12)"}}
[info] >      at processTicksAndRejections (internal/process/task_queues.js:80:21) {"user":"    at processTicksAndRejections (internal/process/task_queues.js:80:21)","metadata":{"emulator":{"name":"functions"},"function":{"name":"api"},"message":"\u001b[90m> \u001b[39m     at processTicksAndRejections (internal/process/task_queues.js:80:21)"}}
[info] >  (Use `node --trace-warnings ...` to show where the warning was created) {"user":"(Use `node --trace-warnings ...` to show where the warning was created)","metadata":{"emulator":{"name":"functions"},"function":{"name":"api"},"message":"\u001b[90m> \u001b[39m (Use `node --trace-warnings ...` to show where the warning was created)"}}
[info] >  (node:14625) UnhandledPromiseRejectionWarning: Unhandled promise rejection. This error originated either by throwing inside of an async function without a catch block, or by rejecting a promise which was not handled with .catch(). To terminate the node process on unhandled promise rejection, use the CLI flag `--unhandled-rejections=strict` (see https://nodejs.org/api/cli.html#cli_unhandled_rejections_mode). (rejection id: 1) {"user":"(node:14625) UnhandledPromiseRejectionWarning: Unhandled promise rejection. This error originated either by throwing inside of an async function without a catch block, or by rejecting a promise which was not handled with .catch(). To terminate the node process on unhandled promise rejection, use the CLI flag `--unhandled-rejections=strict` (see https://nodejs.org/api/cli.html#cli_unhandled_rejections_mode). (rejection id: 1)","metadata":{"emulator":{"name":"functions"},"function":{"name":"api"},"message":"\u001b[90m> \u001b[39m (node:14625) UnhandledPromiseRejectionWarning: Unhandled promise rejection. This error originated either by throwing inside of an async function without a catch block, or by rejecting a promise which was not handled with .catch(). To terminate the node process on unhandled promise rejection, use the CLI flag `--unhandled-rejections=strict` (see https://nodejs.org/api/cli.html#cli_unhandled_rejections_mode). (rejection id: 1)"}}
[info] >  (node:14625) [DEP0018] DeprecationWarning: Unhandled promise rejections are deprecated. In the future, promise rejections that are not handled will terminate the Node.js process with a non-zero exit code. {"user":"(node:14625) [DEP0018] DeprecationWarning: Unhandled promise rejections are deprecated. In the future, promise rejections that are not handled will terminate the Node.js process with a non-zero exit code.","metadata":{"emulator":{"name":"functions"},"function":{"name":"api"},"message":"\u001b[90m> \u001b[39m (node:14625) [DEP0018] DeprecationWarning: Unhandled promise rejections are deprecated. In the future, promise rejections that are not handled will terminate the Node.js process with a non-zero exit code."}}
[warn] ⚠  functions: Your function timed out after ~60s. To configure this timeout, see
      https://firebase.google.com/docs/functions/manage-functions#set_timeout_and_memory_allocation. {"metadata":{"emulator":{"name":"functions"},"function":{"name":"api"},"message":"Your function timed out after ~60s. To configure this timeout, see\n      https://firebase.google.com/docs/functions/manage-functions#set_timeout_and_memory_allocation."}}
[info] >  /usr/local/lib/node_modules/firebase-tools/lib/emulator/functionsEmulatorRuntime.js:668 {"user":"/usr/local/lib/node_modules/firebase-tools/lib/emulator/functionsEmulatorRuntime.js:668","metadata":{"emulator":{"name":"functions"},"function":{"name":"api"},"message":"\u001b[90m> \u001b[39m /usr/local/lib/node_modules/firebase-tools/lib/emulator/functionsEmulatorRuntime.js:668"}}
[info] >                  throw new Error("Function timed out."); {"user":"                throw new Error(\"Function timed out.\");","metadata":{"emulator":{"name":"functions"},"function":{"name":"api"},"message":"\u001b[90m> \u001b[39m                 throw new Error(\"Function timed out.\");"}}
[info] >                  ^ {"user":"                ^","metadata":{"emulator":{"name":"functions"},"function":{"name":"api"},"message":"\u001b[90m> \u001b[39m                 ^"}}
[info] >   {"user":"","metadata":{"emulator":{"name":"functions"},"function":{"name":"api"},"message":"\u001b[90m> \u001b[39m "}}
[info] >  Error: Function timed out. {"user":"Error: Function timed out.","metadata":{"emulator":{"name":"functions"},"function":{"name":"api"},"message":"\u001b[90m> \u001b[39m Error: Function timed out."}}
[info] >      at Timeout._onTimeout (/usr/local/lib/node_modules/firebase-tools/lib/emulator/functionsEmulatorRuntime.js:668:23) {"user":"    at Timeout._onTimeout (/usr/local/lib/node_modules/firebase-tools/lib/emulator/functionsEmulatorRuntime.js:668:23)","metadata":{"emulator":{"name":"functions"},"function":{"name":"api"},"message":"\u001b[90m> \u001b[39m     at Timeout._onTimeout (/usr/local/lib/node_modules/firebase-tools/lib/emulator/functionsEmulatorRuntime.js:668:23)"}}
[info] >      at listOnTimeout (internal/timers.js:554:17) {"user":"    at listOnTimeout (internal/timers.js:554:17)","metadata":{"emulator":{"name":"functions"},"function":{"name":"api"},"message":"\u001b[90m> \u001b[39m     at listOnTimeout (internal/timers.js:554:17)"}}
[info] >      at processTimers (internal/timers.js:497:7) {"user":"    at processTimers (internal/timers.js:497:7)","metadata":{"emulator":{"name":"functions"},"function":{"name":"api"},"message":"\u001b[90m> \u001b[39m     at processTimers (internal/timers.js:497:7)"}}
[debug] [2020-12-01T19:03:32.795Z] [worker-api-643eb57f-b25c-41c9-af85-4c339495aae6]: exited {"metadata":{"emulator":{"name":"functions"},"message":"[worker-api-643eb57f-b25c-41c9-af85-4c339495aae6]: exited"}}
[debug] [2020-12-01T19:03:32.795Z] [worker-api-643eb57f-b25c-41c9-af85-4c339495aae6]: FINISHED {"metadata":{"emulator":{"name":"functions"},"message":"[worker-api-643eb57f-b25c-41c9-af85-4c339495aae6]: FINISHED"}}
[debug] [2020-12-01T19:03:32.795Z] [work-queue] {"queueLength":0,"workRunningCount":0}
[debug] [2020-12-01T19:27:27.645Z] [work-queue] {"queueLength":1,"workRunningCount":0}
[debug] [2020-12-01T19:27:27.645Z] [work-queue] {"queueLength":0,"workRunningCount":1}
[debug] [2020-12-01T19:27:27.646Z] Accepted request POST /bazaar-596f2/us-central1/api/payments/create?total=21195 --> api
[debug] [2020-12-01T19:27:27.646Z] [worker-pool] Cleaned up workers for api: 1 --> 0 {"metadata":{"emulator":{"name":"functions"},"message":"[worker-pool] Cleaned up workers for api: 1 --> 0"}}
[debug] [2020-12-01T19:27:27.649Z] [worker-pool] addWorker(api) {"metadata":{"emulator":{"name":"functions"},"message":"[worker-pool] addWorker(api)"}}
[debug] [2020-12-01T19:27:27.650Z] [worker-pool] Adding worker with key api, total=1 {"metadata":{"emulator":{"name":"functions"},"message":"[worker-pool] Adding worker with key api, total=1"}}
[debug] [2020-12-01T19:27:27.650Z] [worker-pool] submitWork(triggerId=api) {"metadata":{"emulator":{"name":"functions"},"message":"[worker-pool] submitWork(triggerId=api)"}}
[debug] [2020-12-01T19:27:27.650Z] [worker-api-d5e1fbf2-97c9-4659-bfd6-f9ecb11279c5]: Assigning socketPath: /var/folders/49/kb3_6pm51tq6bzvt51lxgygm0000gn/T/fire_emu_14867.sock {"metadata":{"emulator":{"name":"functions"},"message":"[worker-api-d5e1fbf2-97c9-4659-bfd6-f9ecb11279c5]: Assigning socketPath: /var/folders/49/kb3_6pm51tq6bzvt51lxgygm0000gn/T/fire_emu_14867.sock"}}
[debug] [2020-12-01T19:27:27.650Z] [worker-api-d5e1fbf2-97c9-4659-bfd6-f9ecb11279c5]: BUSY {"metadata":{"emulator":{"name":"functions"},"message":"[worker-api-d5e1fbf2-97c9-4659-bfd6-f9ecb11279c5]: BUSY"}}
[debug] [2020-12-01T19:27:27.977Z] [runtime-status] [14867] Functions runtime initialized. {"cwd":"/Users/tappy/Byte/Bazaar/bazaar/functions","node_version":"14.10.1"} {"metadata":{"emulator":{"name":"functions"},"function":{"name":"api"},"message":"[runtime-status] [14867] Functions runtime initialized. {\"cwd\":\"/Users/tappy/Byte/Bazaar/bazaar/functions\",\"node_version\":\"14.10.1\"}"}}
[debug] [2020-12-01T19:27:27.978Z] [runtime-status] [14867] Disabled runtime features: undefined {"metadata":{"emulator":{"name":"functions"},"function":{"name":"api"},"message":"[runtime-status] [14867] Disabled runtime features: undefined"}}
[debug] [2020-12-01T19:27:27.980Z] [runtime-status] [14867] Resolved module firebase-admin {"declared":true,"installed":true,"version":"9.4.1","resolution":"/Users/tappy/Byte/Bazaar/bazaar/functions/node_modules/firebase-admin/lib/index.js"} {"metadata":{"emulator":{"name":"functions"},"function":{"name":"api"},"message":"[runtime-status] [14867] Resolved module firebase-admin {\"declared\":true,\"installed\":true,\"version\":\"9.4.1\",\"resolution\":\"/Users/tappy/Byte/Bazaar/bazaar/functions/node_modules/firebase-admin/lib/index.js\"}"}}
[debug] [2020-12-01T19:27:27.981Z] [runtime-status] [14867] Resolved module firebase-functions {"declared":true,"installed":true,"version":"3.12.0","resolution":"/Users/tappy/Byte/Bazaar/bazaar/functions/node_modules/firebase-functions/lib/index.js"} {"metadata":{"emulator":{"name":"functions"},"function":{"name":"api"},"message":"[runtime-status] [14867] Resolved module firebase-functions {\"declared\":true,\"installed\":true,\"version\":\"3.12.0\",\"resolution\":\"/Users/tappy/Byte/Bazaar/bazaar/functions/node_modules/firebase-functions/lib/index.js\"}"}}
[debug] [2020-12-01T19:27:27.982Z] [runtime-status] [14867] Resolved module firebase-functions {"declared":true,"installed":true,"version":"3.12.0","resolution":"/Users/tappy/Byte/Bazaar/bazaar/functions/node_modules/firebase-functions/lib/index.js"} {"metadata":{"emulator":{"name":"functions"},"function":{"name":"api"},"message":"[runtime-status] [14867] Resolved module firebase-functions {\"declared\":true,\"installed\":true,\"version\":\"3.12.0\",\"resolution\":\"/Users/tappy/Byte/Bazaar/bazaar/functions/node_modules/firebase-functions/lib/index.js\"}"}}
[debug] [2020-12-01T19:27:27.983Z] [runtime-status] [14867] Outgoing network have been stubbed. [{"name":"http","status":"mocked"},{"name":"http","status":"mocked"},{"name":"https","status":"mocked"},{"name":"https","status":"mocked"},{"name":"net","status":"mocked"}] {"metadata":{"emulator":{"name":"functions"},"function":{"name":"api"},"message":"[runtime-status] [14867] Outgoing network have been stubbed. [{\"name\":\"http\",\"status\":\"mocked\"},{\"name\":\"http\",\"status\":\"mocked\"},{\"name\":\"https\",\"status\":\"mocked\"},{\"name\":\"https\",\"status\":\"mocked\"},{\"name\":\"net\",\"status\":\"mocked\"}]"}}
[debug] [2020-12-01T19:27:27.984Z] [runtime-status] [14867] Resolved module firebase-functions {"declared":true,"installed":true,"version":"3.12.0","resolution":"/Users/tappy/Byte/Bazaar/bazaar/functions/node_modules/firebase-functions/lib/index.js"} {"metadata":{"emulator":{"name":"functions"},"function":{"name":"api"},"message":"[runtime-status] [14867] Resolved module firebase-functions {\"declared\":true,\"installed\":true,\"version\":\"3.12.0\",\"resolution\":\"/Users/tappy/Byte/Bazaar/bazaar/functions/node_modules/firebase-functions/lib/index.js\"}"}}
[debug] [2020-12-01T19:27:28.011Z] [runtime-status] [14867] Checked functions.config() {"config":{}} {"metadata":{"emulator":{"name":"functions"},"function":{"name":"api"},"message":"[runtime-status] [14867] Checked functions.config() {\"config\":{}}"}}
[debug] [2020-12-01T19:27:28.011Z] [runtime-status] [14867] firebase-functions has been stubbed. {"functionsResolution":{"declared":true,"installed":true,"version":"3.12.0","resolution":"/Users/tappy/Byte/Bazaar/bazaar/functions/node_modules/firebase-functions/lib/index.js"}} {"metadata":{"emulator":{"name":"functions"},"function":{"name":"api"},"message":"[runtime-status] [14867] firebase-functions has been stubbed. {\"functionsResolution\":{\"declared\":true,\"installed\":true,\"version\":\"3.12.0\",\"resolution\":\"/Users/tappy/Byte/Bazaar/bazaar/functions/node_modules/firebase-functions/lib/index.js\"}}"}}
[debug] [2020-12-01T19:27:28.011Z] [runtime-status] [14867] Resolved module firebase-functions {"declared":true,"installed":true,"version":"3.12.0","resolution":"/Users/tappy/Byte/Bazaar/bazaar/functions/node_modules/firebase-functions/lib/index.js"} {"metadata":{"emulator":{"name":"functions"},"function":{"name":"api"},"message":"[runtime-status] [14867] Resolved module firebase-functions {\"declared\":true,\"installed\":true,\"version\":\"3.12.0\",\"resolution\":\"/Users/tappy/Byte/Bazaar/bazaar/functions/node_modules/firebase-functions/lib/index.js\"}"}}
[debug] [2020-12-01T19:27:28.012Z] [runtime-status] [14867] Resolved module firebase-admin {"declared":true,"installed":true,"version":"9.4.1","resolution":"/Users/tappy/Byte/Bazaar/bazaar/functions/node_modules/firebase-admin/lib/index.js"} {"metadata":{"emulator":{"name":"functions"},"function":{"name":"api"},"message":"[runtime-status] [14867] Resolved module firebase-admin {\"declared\":true,\"installed\":true,\"version\":\"9.4.1\",\"resolution\":\"/Users/tappy/Byte/Bazaar/bazaar/functions/node_modules/firebase-admin/lib/index.js\"}"}}
[debug] [2020-12-01T19:27:28.012Z] [runtime-status] [14867] Resolved module firebase-functions {"declared":true,"installed":true,"version":"3.12.0","resolution":"/Users/tappy/Byte/Bazaar/bazaar/functions/node_modules/firebase-functions/lib/index.js"} {"metadata":{"emulator":{"name":"functions"},"function":{"name":"api"},"message":"[runtime-status] [14867] Resolved module firebase-functions {\"declared\":true,\"installed\":true,\"version\":\"3.12.0\",\"resolution\":\"/Users/tappy/Byte/Bazaar/bazaar/functions/node_modules/firebase-functions/lib/index.js\"}"}}
[debug] [2020-12-01T19:27:28.013Z] [runtime-status] [14867] firebase-admin has been stubbed. {"adminResolution":{"declared":true,"installed":true,"version":"9.4.1","resolution":"/Users/tappy/Byte/Bazaar/bazaar/functions/node_modules/firebase-admin/lib/index.js"}} {"metadata":{"emulator":{"name":"functions"},"function":{"name":"api"},"message":"[runtime-status] [14867] firebase-admin has been stubbed. {\"adminResolution\":{\"declared\":true,\"installed\":true,\"version\":\"9.4.1\",\"resolution\":\"/Users/tappy/Byte/Bazaar/bazaar/functions/node_modules/firebase-admin/lib/index.js\"}}"}}
[debug] [2020-12-01T19:27:28.104Z] [runtime-status] [14867] Trigger "api" has been found, beginning invocation! {"metadata":{"emulator":{"name":"functions"},"function":{"name":"api"},"message":"[runtime-status] [14867] Trigger \"api\" has been found, beginning invocation!"}}
[info] i  functions: Beginning execution of "api" {"metadata":{"emulator":{"name":"functions"},"function":{"name":"api"},"message":"Beginning execution of \"api\""}}
[debug] [2020-12-01T19:27:28.104Z] [runtime-status] [14867] triggerDefinition {"httpsTrigger":{},"name":"api","entryPoint":"api"} {"metadata":{"emulator":{"name":"functions"},"function":{"name":"api"},"message":"[runtime-status] [14867] triggerDefinition {\"httpsTrigger\":{},\"name\":\"api\",\"entryPoint\":\"api\"}"}}
[debug] [2020-12-01T19:27:28.104Z] [runtime-status] [14867] Running api in mode HTTPS {"metadata":{"emulator":{"name":"functions"},"function":{"name":"api"},"message":"[runtime-status] [14867] Running api in mode HTTPS"}}
[debug] [2020-12-01T19:27:28.108Z] [runtime-status] [14867] Attempting to listen to socketPath: /var/folders/49/kb3_6pm51tq6bzvt51lxgygm0000gn/T/fire_emu_14867.sock {"metadata":{"emulator":{"name":"functions"},"function":{"name":"api"},"message":"[runtime-status] [14867] Attempting to listen to socketPath: /var/folders/49/kb3_6pm51tq6bzvt51lxgygm0000gn/T/fire_emu_14867.sock"}}
[debug] [2020-12-01T19:27:28.112Z] [functions] Runtime ready! Sending request! {"metadata":{"emulator":{"name":"functions"},"message":"[functions] Runtime ready! Sending request!"}}
[debug] [2020-12-01T19:27:28.118Z] [runtime-status] [14867] Ephemeral server handling POST request {"metadata":{"emulator":{"name":"functions"},"function":{"name":"api"},"message":"[runtime-status] [14867] Ephemeral server handling POST request"}}
[info] >  Payment Request Received for this amount > 21195 {"user":"Payment Request Received for this amount > 21195","metadata":{"emulator":{"name":"functions"},"function":{"name":"api"},"message":"\u001b[90m> \u001b[39m Payment Request Received for this amount > 21195"}}
[debug] [2020-12-01T19:27:28.129Z] [runtime-status] [14867] Ephemeral server survived. {"metadata":{"emulator":{"name":"functions"},"function":{"name":"api"},"message":"[runtime-status] [14867] Ephemeral server survived."}}
[info] i  functions: Finished "api" in ~1s {"metadata":{"emulator":{"name":"functions"},"function":{"name":"api"},"message":"Finished \"api\" in ~1s"}}
[debug] [2020-12-01T19:27:28.507Z] [worker-api-d5e1fbf2-97c9-4659-bfd6-f9ecb11279c5]: IDLE {"metadata":{"emulator":{"name":"functions"},"message":"[worker-api-d5e1fbf2-97c9-4659-bfd6-f9ecb11279c5]: IDLE"}}
[debug] [2020-12-01T19:27:28.507Z] [work-queue] {"queueLength":0,"workRunningCount":0}
[debug] [2020-12-01T19:27:45.873Z] [work-queue] {"queueLength":1,"workRunningCount":0}
[debug] [2020-12-01T19:27:45.873Z] [work-queue] {"queueLength":0,"workRunningCount":1}
[debug] [2020-12-01T19:27:45.873Z] Accepted request POST /bazaar-596f2/us-central1/api/payments/create?total=0 --> api
[debug] [2020-12-01T19:27:45.875Z] [worker-pool] submitWork(triggerId=api) {"metadata":{"emulator":{"name":"functions"},"message":"[worker-pool] submitWork(triggerId=api)"}}
[debug] [2020-12-01T19:27:45.876Z] [worker-api-d5e1fbf2-97c9-4659-bfd6-f9ecb11279c5]: Assigning socketPath: /var/folders/49/kb3_6pm51tq6bzvt51lxgygm0000gn/T/fire_emu_14867.sock {"metadata":{"emulator":{"name":"functions"},"message":"[worker-api-d5e1fbf2-97c9-4659-bfd6-f9ecb11279c5]: Assigning socketPath: /var/folders/49/kb3_6pm51tq6bzvt51lxgygm0000gn/T/fire_emu_14867.sock"}}
[debug] [2020-12-01T19:27:45.876Z] [worker-api-d5e1fbf2-97c9-4659-bfd6-f9ecb11279c5]: BUSY {"metadata":{"emulator":{"name":"functions"},"message":"[worker-api-d5e1fbf2-97c9-4659-bfd6-f9ecb11279c5]: BUSY"}}
[debug] [2020-12-01T19:27:45.877Z] [runtime-status] [14867] Trigger "api" has been found, beginning invocation! {"metadata":{"emulator":{"name":"functions"},"function":{"name":"api"},"message":"[runtime-status] [14867] Trigger \"api\" has been found, beginning invocation!"}}
[info] i  functions: Beginning execution of "api" {"metadata":{"emulator":{"name":"functions"},"function":{"name":"api"},"message":"Beginning execution of \"api\""}}
[debug] [2020-12-01T19:27:45.878Z] [runtime-status] [14867] triggerDefinition {"httpsTrigger":{},"name":"api","entryPoint":"api"} {"metadata":{"emulator":{"name":"functions"},"function":{"name":"api"},"message":"[runtime-status] [14867] triggerDefinition {\"httpsTrigger\":{},\"name\":\"api\",\"entryPoint\":\"api\"}"}}
[debug] [2020-12-01T19:27:45.879Z] [runtime-status] [14867] Running api in mode HTTPS {"metadata":{"emulator":{"name":"functions"},"function":{"name":"api"},"message":"[runtime-status] [14867] Running api in mode HTTPS"}}
[debug] [2020-12-01T19:27:45.879Z] [runtime-status] [14867] Attempting to listen to socketPath: /var/folders/49/kb3_6pm51tq6bzvt51lxgygm0000gn/T/fire_emu_14867.sock {"metadata":{"emulator":{"name":"functions"},"function":{"name":"api"},"message":"[runtime-status] [14867] Attempting to listen to socketPath: /var/folders/49/kb3_6pm51tq6bzvt51lxgygm0000gn/T/fire_emu_14867.sock"}}
[debug] [2020-12-01T19:27:45.881Z] [functions] Runtime ready! Sending request! {"metadata":{"emulator":{"name":"functions"},"message":"[functions] Runtime ready! Sending request!"}}
[debug] [2020-12-01T19:27:45.885Z] [runtime-status] [14867] Ephemeral server handling POST request {"metadata":{"emulator":{"name":"functions"},"function":{"name":"api"},"message":"[runtime-status] [14867] Ephemeral server handling POST request"}}
[info] >  Payment Request Received for this amount > 0 {"user":"Payment Request Received for this amount > 0","metadata":{"emulator":{"name":"functions"},"function":{"name":"api"},"message":"\u001b[90m> \u001b[39m Payment Request Received for this amount > 0"}}
[debug] [2020-12-01T19:27:45.888Z] [runtime-status] [14867] Ephemeral server survived. {"metadata":{"emulator":{"name":"functions"},"function":{"name":"api"},"message":"[runtime-status] [14867] Ephemeral server survived."}}
[info] >  (node:14867) UnhandledPromiseRejectionWarning: Error: This value must be greater than or equal to 1. {"user":"(node:14867) UnhandledPromiseRejectionWarning: Error: This value must be greater than or equal to 1.","metadata":{"emulator":{"name":"functions"},"function":{"name":"api"},"message":"\u001b[90m> \u001b[39m (node:14867) UnhandledPromiseRejectionWarning: Error: This value must be greater than or equal to 1."}}
[info] >      at Function.generate (/Users/tappy/Byte/Bazaar/bazaar/functions/node_modules/stripe/lib/Error.js:40:16) {"user":"    at Function.generate (/Users/tappy/Byte/Bazaar/bazaar/functions/node_modules/stripe/lib/Error.js:40:16)","metadata":{"emulator":{"name":"functions"},"function":{"name":"api"},"message":"\u001b[90m> \u001b[39m     at Function.generate (/Users/tappy/Byte/Bazaar/bazaar/functions/node_modules/stripe/lib/Error.js:40:16)"}}
[info] >      at IncomingMessage.<anonymous> (/Users/tappy/Byte/Bazaar/bazaar/functions/node_modules/stripe/lib/StripeResource.js:190:33) {"user":"    at IncomingMessage.<anonymous> (/Users/tappy/Byte/Bazaar/bazaar/functions/node_modules/stripe/lib/StripeResource.js:190:33)","metadata":{"emulator":{"name":"functions"},"function":{"name":"api"},"message":"\u001b[90m> \u001b[39m     at IncomingMessage.<anonymous> (/Users/tappy/Byte/Bazaar/bazaar/functions/node_modules/stripe/lib/StripeResource.js:190:33)"}}
[info] >      at Object.onceWrapper (events.js:420:28) {"user":"    at Object.onceWrapper (events.js:420:28)","metadata":{"emulator":{"name":"functions"},"function":{"name":"api"},"message":"\u001b[90m> \u001b[39m     at Object.onceWrapper (events.js:420:28)"}}
[info] >      at IncomingMessage.emit (events.js:326:22) {"user":"    at IncomingMessage.emit (events.js:326:22)","metadata":{"emulator":{"name":"functions"},"function":{"name":"api"},"message":"\u001b[90m> \u001b[39m     at IncomingMessage.emit (events.js:326:22)"}}
[info] >      at endReadableNT (_stream_readable.js:1252:12) {"user":"    at endReadableNT (_stream_readable.js:1252:12)","metadata":{"emulator":{"name":"functions"},"function":{"name":"api"},"message":"\u001b[90m> \u001b[39m     at endReadableNT (_stream_readable.js:1252:12)"}}
[info] >      at processTicksAndRejections (internal/process/task_queues.js:80:21) {"user":"    at processTicksAndRejections (internal/process/task_queues.js:80:21)","metadata":{"emulator":{"name":"functions"},"function":{"name":"api"},"message":"\u001b[90m> \u001b[39m     at processTicksAndRejections (internal/process/task_queues.js:80:21)"}}
[info] >  (Use `node --trace-warnings ...` to show where the warning was created) {"user":"(Use `node --trace-warnings ...` to show where the warning was created)","metadata":{"emulator":{"name":"functions"},"function":{"name":"api"},"message":"\u001b[90m> \u001b[39m (Use `node --trace-warnings ...` to show where the warning was created)"}}
[info] >  (node:14867) UnhandledPromiseRejectionWarning: Unhandled promise rejection. This error originated either by throwing inside of an async function without a catch block, or by rejecting a promise which was not handled with .catch(). To terminate the node process on unhandled promise rejection, use the CLI flag `--unhandled-rejections=strict` (see https://nodejs.org/api/cli.html#cli_unhandled_rejections_mode). (rejection id: 1) {"user":"(node:14867) UnhandledPromiseRejectionWarning: Unhandled promise rejection. This error originated either by throwing inside of an async function without a catch block, or by rejecting a promise which was not handled with .catch(). To terminate the node process on unhandled promise rejection, use the CLI flag `--unhandled-rejections=strict` (see https://nodejs.org/api/cli.html#cli_unhandled_rejections_mode). (rejection id: 1)","metadata":{"emulator":{"name":"functions"},"function":{"name":"api"},"message":"\u001b[90m> \u001b[39m (node:14867) UnhandledPromiseRejectionWarning: Unhandled promise rejection. This error originated either by throwing inside of an async function without a catch block, or by rejecting a promise which was not handled with .catch(). To terminate the node process on unhandled promise rejection, use the CLI flag `--unhandled-rejections=strict` (see https://nodejs.org/api/cli.html#cli_unhandled_rejections_mode). (rejection id: 1)"}}
[info] >  (node:14867) [DEP0018] DeprecationWarning: Unhandled promise rejections are deprecated. In the future, promise rejections that are not handled will terminate the Node.js process with a non-zero exit code. {"user":"(node:14867) [DEP0018] DeprecationWarning: Unhandled promise rejections are deprecated. In the future, promise rejections that are not handled will terminate the Node.js process with a non-zero exit code.","metadata":{"emulator":{"name":"functions"},"function":{"name":"api"},"message":"\u001b[90m> \u001b[39m (node:14867) [DEP0018] DeprecationWarning: Unhandled promise rejections are deprecated. In the future, promise rejections that are not handled will terminate the Node.js process with a non-zero exit code."}}
[warn] ⚠  functions: Your function timed out after ~60s. To configure this timeout, see
      https://firebase.google.com/docs/functions/manage-functions#set_timeout_and_memory_allocation. {"metadata":{"emulator":{"name":"functions"},"function":{"name":"api"},"message":"Your function timed out after ~60s. To configure this timeout, see\n      https://firebase.google.com/docs/functions/manage-functions#set_timeout_and_memory_allocation."}}
[info] >  /usr/local/lib/node_modules/firebase-tools/lib/emulator/functionsEmulatorRuntime.js:668 {"user":"/usr/local/lib/node_modules/firebase-tools/lib/emulator/functionsEmulatorRuntime.js:668","metadata":{"emulator":{"name":"functions"},"function":{"name":"api"},"message":"\u001b[90m> \u001b[39m /usr/local/lib/node_modules/firebase-tools/lib/emulator/functionsEmulatorRuntime.js:668"}}
[info] >                  throw new Error("Function timed out."); {"user":"                throw new Error(\"Function timed out.\");","metadata":{"emulator":{"name":"functions"},"function":{"name":"api"},"message":"\u001b[90m> \u001b[39m                 throw new Error(\"Function timed out.\");"}}
[info] >                  ^ {"user":"                ^","metadata":{"emulator":{"name":"functions"},"function":{"name":"api"},"message":"\u001b[90m> \u001b[39m                 ^"}}
[info] >   {"user":"","metadata":{"emulator":{"name":"functions"},"function":{"name":"api"},"message":"\u001b[90m> \u001b[39m "}}
[info] >  Error: Function timed out. {"user":"Error: Function timed out.","metadata":{"emulator":{"name":"functions"},"function":{"name":"api"},"message":"\u001b[90m> \u001b[39m Error: Function timed out."}}
[info] >      at Timeout._onTimeout (/usr/local/lib/node_modules/firebase-tools/lib/emulator/functionsEmulatorRuntime.js:668:23) {"user":"    at Timeout._onTimeout (/usr/local/lib/node_modules/firebase-tools/lib/emulator/functionsEmulatorRuntime.js:668:23)","metadata":{"emulator":{"name":"functions"},"function":{"name":"api"},"message":"\u001b[90m> \u001b[39m     at Timeout._onTimeout (/usr/local/lib/node_modules/firebase-tools/lib/emulator/functionsEmulatorRuntime.js:668:23)"}}
[info] >      at listOnTimeout (internal/timers.js:554:17) {"user":"    at listOnTimeout (internal/timers.js:554:17)","metadata":{"emulator":{"name":"functions"},"function":{"name":"api"},"message":"\u001b[90m> \u001b[39m     at listOnTimeout (internal/timers.js:554:17)"}}
[info] >      at processTimers (internal/timers.js:497:7) {"user":"    at processTimers (internal/timers.js:497:7)","metadata":{"emulator":{"name":"functions"},"function":{"name":"api"},"message":"\u001b[90m> \u001b[39m     at processTimers (internal/timers.js:497:7)"}}
[debug] [2020-12-01T19:28:45.895Z] [worker-api-d5e1fbf2-97c9-4659-bfd6-f9ecb11279c5]: exited {"metadata":{"emulator":{"name":"functions"},"message":"[worker-api-d5e1fbf2-97c9-4659-bfd6-f9ecb11279c5]: exited"}}
[debug] [2020-12-01T19:28:45.895Z] [worker-api-d5e1fbf2-97c9-4659-bfd6-f9ecb11279c5]: FINISHED {"metadata":{"emulator":{"name":"functions"},"message":"[worker-api-d5e1fbf2-97c9-4659-bfd6-f9ecb11279c5]: FINISHED"}}
[debug] [2020-12-01T19:28:45.895Z] [work-queue] {"queueLength":0,"workRunningCount":0}
